<?xml version="1.0" encoding="UTF-8"?>
<!-- Generated by org.testng.reporters.JUnitReportReporter -->
<testsuite hostname="B732LMAA" failures="0" tests="3" name="Listeners.TestNGListenerDemo" time="0.010" errors="0" timestamp="2022-09-27T15:22:24 IST" skipped="0">
  <testcase classname="Listeners.TestNGListenerDemo" name="test1" time="0.008"/>
  <system-out/>
  <testcase classname="Listeners.TestNGListenerDemo" name="test2" time="0.001"/>
  <system-out/>
  <testcase classname="Listeners.TestNGListenerDemo" name="test3" time="0.001"/>
  <system-out/>
</testsuite> <!-- Listeners.TestNGListenerDemo -->
