<?xml version="1.0" encoding="UTF-8"?>
<!-- Generated by org.testng.reporters.JUnitReportReporter -->
<testsuite hostname="B732LMAA" failures="0" tests="3" name="TestNGParallel.TestNGParallelTestingDemo" time="0.021" errors="0" timestamp="2022-09-27T15:29:30 IST" skipped="0">
  <testcase classname="TestNGParallel.TestNGParallelTestingDemo" name="test2" time="0.010"/>
  <system-out/>
  <testcase classname="TestNGParallel.TestNGParallelTestingDemo" name="test1" time="0.010"/>
  <system-out/>
  <testcase classname="TestNGParallel.TestNGParallelTestingDemo" name="test3" time="0.001"/>
  <system-out/>
</testsuite> <!-- TestNGParallel.TestNGParallelTestingDemo -->
