<?xml version="1.0" encoding="UTF-8"?>
<!-- Generated by org.testng.reporters.JUnitReportReporter -->
<testsuite hostname="B732LMAA" failures="0" tests="3" name="Listeners.TestNGListenerDemo2" time="0.004" errors="0" timestamp="2022-09-27T15:22:24 IST" skipped="0">
  <testcase classname="Listeners.TestNGListenerDemo2" name="test4" time="0.002"/>
  <system-out/>
  <testcase classname="Listeners.TestNGListenerDemo2" name="test5" time="0.001"/>
  <system-out/>
  <testcase classname="Listeners.TestNGListenerDemo2" name="test6" time="0.001"/>
  <system-out/>
</testsuite> <!-- Listeners.TestNGListenerDemo2 -->
